<?xml version="1.0" encoding="UTF-8"?>
<!-- Generated by org.testng.reporters.JUnitReportReporter -->
<testsuite skipped="0" hostname="INBAN-5WSVH32" name="testValidation.ValidateForeignPlayers" tests="1" failures="0" timestamp="2022-09-07T22:45:35 IST" time="0.015" errors="0">
  <testcase name="valFourForeignPlayers" time="0.015" classname="testValidation.ValidateForeignPlayers"/>
  <system-out/>
</testsuite> <!-- testValidation.ValidateForeignPlayers -->
