<?xml version="1.0" encoding="UTF-8"?>
<!-- Generated by org.testng.reporters.JUnitReportReporter -->
<testsuite skipped="0" hostname="INBAN-5WSVH32" name="testValidation.ValidateWicketKeeper" tests="1" failures="0" timestamp="2022-09-07T22:52:21 IST" time="0.014" errors="0">
  <testcase name="validateWicketKeeper" time="0.014" classname="testValidation.ValidateWicketKeeper"/>
  <system-out/>
</testsuite> <!-- testValidation.ValidateWicketKeeper -->
